<?xml version="1.0" encoding="UTF-8"?>
<!-- Generated by org.testng.reporters.JUnitReportReporter -->
<testsuite hostname="Malli-PC" failures="0" tests="1" name="com.mystore.testcases.AddToCartPageTest" time="23.050" errors="0" timestamp="2021-12-07T11:55:08 IST" skipped="0">
  <testcase classname="com.mystore.testcases.AddToCartPageTest" name="addToCart" time="23.050"/>
  <system-out/>
</testsuite> <!-- com.mystore.testcases.AddToCartPageTest -->
