<?xml version="1.0" encoding="UTF-8"?>
<!-- Generated by org.testng.reporters.JUnitReportReporter -->
<testsuite hostname="Malli-PC" failures="0" tests="1" name="com.mystore.testcases.OrderPageTest" time="63.664" errors="0" timestamp="2021-12-07T12:10:38 IST" skipped="0">
  <testcase classname="com.mystore.testcases.OrderPageTest" name="verifyTotalPrice" time="63.664"/>
  <system-out/>
</testsuite> <!-- com.mystore.testcases.OrderPageTest -->
