<?xml version="1.0" encoding="UTF-8"?>
<!-- Generated by org.testng.reporters.JUnitReportReporter -->
<testsuite hostname="Malli-PC" failures="0" tests="2" name="com.mystore.testcases.HomePageTest" time="31.979" errors="0" timestamp="2021-12-07T22:06:22 IST" skipped="0">
  <testcase classname="com.mystore.testcases.HomePageTest" name="wishListTest" time="16.007"/>
  <system-out/>
  <testcase classname="com.mystore.testcases.HomePageTest" name="orderhistory_orderDetails" time="15.972"/>
  <system-out/>
</testsuite> <!-- com.mystore.testcases.HomePageTest -->
