<?xml version="1.0" encoding="UTF-8"?>
<!-- Generated by org.testng.reporters.JUnitReportReporter -->
<testsuite hostname="Malli-PC" failures="0" tests="1" name="com.mystore.testcases.LoginPageTest" time="23.380" errors="0" timestamp="2021-12-07T22:31:13 IST" skipped="0">
  <testcase classname="com.mystore.testcases.LoginPageTest" name="logintest" time="23.380"/>
  <system-out/>
</testsuite> <!-- com.mystore.testcases.LoginPageTest -->
